# JRE version: OpenJDK Runtime Environment Corretto-17.0.6.10.1 (17.0.6+10) (build 17.0.6+10-LTS)
# Java VM: OpenJDK 64-Bit Server VM Corretto-17.0.6.10.1 (17.0.6+10-LTS, mixed mode, sharing, tiered, compressed oops, compressed class ptrs, g1 gc, windows-amd64)
GC Precious Log:
 CPUs: 8 total, 8 available
 Memory: 8025M
 Large Page Support: Disabled
 NUMA Support: Disabled
 Compressed Oops: Enabled (32-bit)
 Heap Region Size: 1M
 Heap Min Capacity: 8M
 Heap Initial Capacity: 126M
 Heap Max Capacity: 2008M
 Pre-touch: Disabled
 Parallel Workers: 8
 Concurrent Workers: 2
 Concurrent Refinement Workers: 8
 Periodic GC: Disabled
Heap:
 garbage-first heap   total 111616K, used 73209K [0x0000000082800000, 0x0000000100000000)
  region size 1024K, 17 young (17408K), 1 survivors (1024K)
 Metaspace       used 69447K, committed 69952K, reserved 1114112K
  class space    used 9437K, committed 9664K, reserved 1048576K
GC Heap History (20 events):
Event: 40.182 GC heap before
{Heap before GC invocations=24 (full 0):
 garbage-first heap   total 63488K, used 46188K [0x0000000082800000, 0x0000000100000000)
  region size 1024K, 15 young (15360K), 1 survivors (1024K)
 Metaspace       used 65995K, committed 66496K, reserved 1114112K
  class space    used 9071K, committed 9280K, reserved 1048576K
}
Event: 40.185 GC heap after
{Heap after GC invocations=25 (full 0):
 garbage-first heap   total 63488K, used 32333K [0x0000000082800000, 0x0000000100000000)
  region size 1024K, 2 young (2048K), 2 survivors (2048K)
 Metaspace       used 65995K, committed 66496K, reserved 1114112K
  class space    used 9071K, committed 9280K, reserved 1048576K
}
Event: 40.617 GC heap before
{Heap before GC invocations=25 (full 0):
 garbage-first heap   total 63488K, used 50765K [0x0000000082800000, 0x0000000100000000)
  region size 1024K, 20 young (20480K), 2 survivors (2048K)
 Metaspace       used 66621K, committed 67072K, reserved 1114112K
  class space    used 9128K, committed 9344K, reserved 1048576K
}
Event: 40.622 GC heap after
{Heap after GC invocations=26 (full 0):
 garbage-first heap   total 63488K, used 33057K [0x0000000082800000, 0x0000000100000000)
  region size 1024K, 2 young (2048K), 2 survivors (2048K)
 Metaspace       used 66621K, committed 67072K, reserved 1114112K
  class space    used 9128K, committed 9344K, reserved 1048576K
}
Event: 41.498 GC heap before
{Heap before GC invocations=27 (full 0):
 garbage-first heap   total 63488K, used 48417K [0x0000000082800000, 0x0000000100000000)
  region size 1024K, 18 young (18432K), 2 survivors (2048K)
 Metaspace       used 68901K, committed 69440K, reserved 1114112K
  class space    used 9398K, committed 9664K, reserved 1048576K
}
Event: 41.508 GC heap after
{Heap after GC invocations=28 (full 0):
 garbage-first heap   total 63488K, used 34872K [0x0000000082800000, 0x0000000100000000)
  region size 1024K, 3 young (3072K), 3 survivors (3072K)
 Metaspace       used 68901K, committed 69440K, reserved 1114112K
  class space    used 9398K, committed 9664K, reserved 1048576K
}
Event: 41.904 GC heap before
{Heap before GC invocations=29 (full 0):
 garbage-first heap   total 71680K, used 51256K [0x0000000082800000, 0x0000000100000000)
  region size 1024K, 19 young (19456K), 3 survivors (3072K)
 Metaspace       used 68952K, committed 69504K, reserved 1114112K
  class space    used 9398K, committed 9664K, reserved 1048576K
}
Event: 41.915 GC heap after
{Heap after GC invocations=30 (full 0):
 garbage-first heap   total 71680K, used 38318K [0x0000000082800000, 0x0000000100000000)
  region size 1024K, 3 young (3072K), 3 survivors (3072K)
 Metaspace       used 68952K, committed 69504K, reserved 1114112K
  class space    used 9398K, committed 9664K, reserved 1048576K
}
Event: 42.201 GC heap before
{Heap before GC invocations=30 (full 0):
 garbage-first heap   total 71680K, used 54702K [0x0000000082800000, 0x0000000100000000)
  region size 1024K, 21 young (21504K), 3 survivors (3072K)
 Metaspace       used 69001K, committed 69568K, reserved 1114112K
  class space    used 9398K, committed 9664K, reserved 1048576K
}
Event: 42.212 GC heap after
{Heap after GC invocations=31 (full 0):
 garbage-first heap   total 71680K, used 42738K [0x0000000082800000, 0x0000000100000000)
  region size 1024K, 3 young (3072K), 3 survivors (3072K)
 Metaspace       used 69001K, committed 69568K, reserved 1114112K
  class space    used 9398K, committed 9664K, reserved 1048576K
}
Event: 42.517 GC heap before
{Heap before GC invocations=32 (full 0):
 garbage-first heap   total 78848K, used 56050K [0x0000000082800000, 0x0000000100000000)
  region size 1024K, 16 young (16384K), 3 survivors (3072K)
 Metaspace       used 69049K, committed 69568K, reserved 1114112K
  class space    used 9400K, committed 9664K, reserved 1048576K
}
Event: 42.527 GC heap after
{Heap after GC invocations=33 (full 0):
 garbage-first heap   total 78848K, used 48155K [0x0000000082800000, 0x0000000100000000)
  region size 1024K, 2 young (2048K), 2 survivors (2048K)
 Metaspace       used 69049K, committed 69568K, reserved 1114112K
  class space    used 9400K, committed 9664K, reserved 1048576K
}
Event: 42.747 GC heap before
{Heap before GC invocations=33 (full 0):
 garbage-first heap   total 78848K, used 53275K [0x0000000082800000, 0x0000000100000000)
  region size 1024K, 8 young (8192K), 2 survivors (2048K)
 Metaspace       used 69181K, committed 69760K, reserved 1114112K
  class space    used 9411K, committed 9664K, reserved 1048576K
}
Event: 42.752 GC heap after
{Heap after GC invocations=34 (full 0):
 garbage-first heap   total 78848K, used 49632K [0x0000000082800000, 0x0000000100000000)
  region size 1024K, 1 young (1024K), 1 survivors (1024K)
 Metaspace       used 69181K, committed 69760K, reserved 1114112K
  class space    used 9411K, committed 9664K, reserved 1048576K
}
Event: 42.850 GC heap before
{Heap before GC invocations=34 (full 0):
 garbage-first heap   total 78848K, used 60896K [0x0000000082800000, 0x0000000100000000)
  region size 1024K, 12 young (12288K), 1 survivors (1024K)
 Metaspace       used 69186K, committed 69760K, reserved 1114112K
  class space    used 9411K, committed 9664K, reserved 1048576K
}
Event: 42.854 GC heap after
{Heap after GC invocations=35 (full 0):
 garbage-first heap   total 111616K, used 52184K [0x0000000082800000, 0x0000000100000000)
  region size 1024K, 2 young (2048K), 2 survivors (2048K)
 Metaspace       used 69186K, committed 69760K, reserved 1114112K
  class space    used 9411K, committed 9664K, reserved 1048576K
}
Event: 43.425 GC heap before
{Heap before GC invocations=36 (full 0):
 garbage-first heap   total 111616K, used 79832K [0x0000000082800000, 0x0000000100000000)
  region size 1024K, 29 young (29696K), 2 survivors (2048K)
 Metaspace       used 69216K, committed 69760K, reserved 1114112K
  class space    used 9411K, committed 9664K, reserved 1048576K
}
Event: 43.459 GC heap after
{Heap after GC invocations=37 (full 0):
 garbage-first heap   total 111616K, used 57686K [0x0000000082800000, 0x0000000100000000)
  region size 1024K, 4 young (4096K), 4 survivors (4096K)
 Metaspace       used 69216K, committed 69760K, reserved 1114112K
  class space    used 9411K, committed 9664K, reserved 1048576K
}
Event: 44.373 GC heap before
{Heap before GC invocations=37 (full 0):
 garbage-first heap   total 111616K, used 58710K [0x0000000082800000, 0x0000000100000000)
  region size 1024K, 5 young (5120K), 4 survivors (4096K)
 Metaspace       used 69216K, committed 69760K, reserved 1114112K
  class space    used 9411K, committed 9664K, reserved 1048576K
}
Event: 44.391 GC heap after
{Heap after GC invocations=38 (full 0):
 garbage-first heap   total 111616K, used 57849K [0x0000000082800000, 0x0000000100000000)
  region size 1024K, 1 young (1024K), 1 survivors (1024K)
 Metaspace       used 69216K, committed 69760K, reserved 1114112K
  class space    used 9411K, committed 9664K, reserved 1048576K
}

